<?xml version="1.0" encoding="UTF-8"?>
<testng-results total="8" passed="4" failed="4" skipped="0">
  <reporter-output>
  </reporter-output>
  <suite started-at="2024-11-23T23:58:01Z" name="Suite" finished-at="2024-11-24T00:02:32Z" duration-ms="270637">
    <groups>
    </groups>
    <test started-at="2024-11-23T23:58:01Z" name="Test" finished-at="2024-11-24T00:02:32Z" duration-ms="270637">
      <class name="org.testing.testScripts.TC7">
        <test-method is-config="true" signature="browserlaunch()[pri:0, instance:org.testing.testScripts.TC7@702c436b]" started-at="2024-11-24T00:01:19Z" name="browserlaunch" finished-at="2024-11-24T00:01:22Z" duration-ms="3856" status="PASS">
        </test-method>
        <test-method signature="watchLater()[pri:0, instance:org.testing.testScripts.TC7@702c436b]" started-at="2024-11-24T00:01:22Z" name="watchLater" finished-at="2024-11-24T00:01:52Z" duration-ms="29274" status="PASS">
        </test-method>
        <test-method is-config="true" signature="bowserclose()[pri:0, instance:org.testing.testScripts.TC7@702c436b]" started-at="2024-11-24T00:01:52Z" name="bowserclose" finished-at="2024-11-24T00:01:55Z" duration-ms="3191" status="PASS">
        </test-method>
      </class>
      <class name="org.testing.testScripts.TC8">
        <test-method is-config="true" signature="browserlaunch()[pri:0, instance:org.testing.testScripts.TC8@7bca6fac]" started-at="2024-11-24T00:01:55Z" name="browserlaunch" finished-at="2024-11-24T00:01:59Z" duration-ms="4078" status="PASS">
        </test-method>
        <test-method signature="library()[pri:0, instance:org.testing.testScripts.TC8@7bca6fac]" started-at="2024-11-24T00:01:59Z" name="library" finished-at="2024-11-24T00:02:29Z" duration-ms="29730" status="PASS">
        </test-method>
        <test-method is-config="true" signature="bowserclose()[pri:0, instance:org.testing.testScripts.TC8@7bca6fac]" started-at="2024-11-24T00:02:29Z" name="bowserclose" finished-at="2024-11-24T00:02:32Z" duration-ms="3181" status="PASS">
        </test-method>
      </class>
      <class name="org.testing.testScripts.TC1">
        <test-method is-config="true" signature="browserlaunch()[pri:0, instance:org.testing.testScripts.TC1@7a2b1eb4]" started-at="2024-11-23T23:58:01Z" name="browserlaunch" finished-at="2024-11-23T23:58:09Z" duration-ms="7331" status="PASS">
        </test-method>
        <test-method signature="trending()[pri:0, instance:org.testing.testScripts.TC1@7a2b1eb4]" started-at="2024-11-23T23:58:09Z" name="trending" finished-at="2024-11-23T23:58:28Z" duration-ms="19839" status="FAIL">
          <exception class="java.lang.AssertionError">
            <message>
              <![CDATA[expected:<https://www.youtube.com/> but was:<https://accounts.google.com/v3/signin/challenge/pwd?TL=AKOx4s2bTjVsomFPtEmEGHVmr0rcGWv9ehDRZgCuoeP3CaGECc7Zz0bHgcjXoZjD&checkConnection=youtube%3A419&checkedDomains=youtube&cid=1&continue=https%3A%2F%2Fwww.youtube.com%2Fsignin%3Faction_handle_signin%3Dtrue%26app%3Ddesktop%26hl%3Den%26next%3Dhttps%253A%252F%252Fwww.youtube.com%252F&ddm=1&dsh=S1174668207%3A1732424293578428&ec=65620&flowEntry=ServiceLogin&flowName=GlifWebSignIn&hl=en&ifkv=AcMMx-dHS8UpIvAzXV4KI4zkvh0r5YsmpbU8RM5HmfmsIl9Ux_GQvKwgPBQ_r86xe8W0QgFZYxkwcA&pstMsg=1&service=youtube>]]>
            </message>
            <full-stacktrace>
              <![CDATA[java.lang.AssertionError: expected:<https://www.youtube.com/> but was:<https://accounts.google.com/v3/signin/challenge/pwd?TL=AKOx4s2bTjVsomFPtEmEGHVmr0rcGWv9ehDRZgCuoeP3CaGECc7Zz0bHgcjXoZjD&checkConnection=youtube%3A419&checkedDomains=youtube&cid=1&continue=https%3A%2F%2Fwww.youtube.com%2Fsignin%3Faction_handle_signin%3Dtrue%26app%3Ddesktop%26hl%3Den%26next%3Dhttps%253A%252F%252Fwww.youtube.com%252F&ddm=1&dsh=S1174668207%3A1732424293578428&ec=65620&flowEntry=ServiceLogin&flowName=GlifWebSignIn&hl=en&ifkv=AcMMx-dHS8UpIvAzXV4KI4zkvh0r5YsmpbU8RM5HmfmsIl9Ux_GQvKwgPBQ_r86xe8W0QgFZYxkwcA&pstMsg=1&service=youtube>
	at org.testng.Assert.fail(Assert.java:89)
	at org.testng.Assert.failNotEquals(Assert.java:489)
	at org.testng.Assert.assertEquals(Assert.java:118)
	at org.testng.Assert.assertEquals(Assert.java:171)
	at org.testng.Assert.assertEquals(Assert.java:181)
	at org.testing.testScripts.TC1.trending(TC1.java:34)
	at java.base/jdk.internal.reflect.NativeMethodAccessorImpl.invoke0(Native Method)
	at java.base/jdk.internal.reflect.NativeMethodAccessorImpl.invoke(NativeMethodAccessorImpl.java:77)
	at java.base/jdk.internal.reflect.DelegatingMethodAccessorImpl.invoke(DelegatingMethodAccessorImpl.java:43)
	at java.base/java.lang.reflect.Method.invoke(Method.java:568)
	at org.testng.internal.MethodInvocationHelper.invokeMethod(MethodInvocationHelper.java:80)
	at org.testng.internal.Invoker.invokeMethod(Invoker.java:691)
	at org.testng.internal.Invoker.invokeTestMethod(Invoker.java:883)
	at org.testng.internal.Invoker.invokeTestMethods(Invoker.java:1208)
	at org.testng.internal.TestMethodWorker.invokeTestMethods(TestMethodWorker.java:127)
	at org.testng.internal.TestMethodWorker.run(TestMethodWorker.java:111)
	at org.testng.TestRunner.privateRun(TestRunner.java:758)
	at org.testng.TestRunner.run(TestRunner.java:613)
	at org.testng.SuiteRunner.runTest(SuiteRunner.java:334)
	at org.testng.SuiteRunner.runSequentially(SuiteRunner.java:329)
	at org.testng.SuiteRunner.privateRun(SuiteRunner.java:291)
	at org.testng.SuiteRunner.run(SuiteRunner.java:240)
	at org.testng.SuiteRunnerWorker.runSuite(SuiteRunnerWorker.java:53)
	at org.testng.SuiteRunnerWorker.run(SuiteRunnerWorker.java:87)
	at org.testng.TestNG.runSuitesSequentially(TestNG.java:1137)
	at org.testng.TestNG.runSuitesLocally(TestNG.java:1062)
	at org.testng.TestNG.run(TestNG.java:974)
	at org.apache.maven.surefire.testng.TestNGExecutor.run(TestNGExecutor.java:295)
	at org.apache.maven.surefire.testng.TestNGXmlTestSuite.execute(TestNGXmlTestSuite.java:84)
	at org.apache.maven.surefire.testng.TestNGProvider.invoke(TestNGProvider.java:90)
	at org.apache.maven.surefire.booter.ForkedBooter.invokeProviderInSameClassLoader(ForkedBooter.java:203)
	at org.apache.maven.surefire.booter.ForkedBooter.runSuitesInProcess(ForkedBooter.java:155)
	at org.apache.maven.surefire.booter.ForkedBooter.main(ForkedBooter.java:103)
]]>
            </full-stacktrace>
          </exception>
        </test-method>
        <test-method is-config="true" signature="bowserclose()[pri:0, instance:org.testing.testScripts.TC1@7a2b1eb4]" started-at="2024-11-23T23:58:28Z" name="bowserclose" finished-at="2024-11-23T23:58:32Z" duration-ms="3262" status="PASS">
        </test-method>
      </class>
      <class name="org.testing.testScripts.TC2">
        <test-method is-config="true" signature="browserlaunch()[pri:0, instance:org.testing.testScripts.TC2@5833f5cd]" started-at="2024-11-23T23:58:32Z" name="browserlaunch" finished-at="2024-11-23T23:58:37Z" duration-ms="4940" status="PASS">
        </test-method>
        <test-method signature="history()[pri:0, instance:org.testing.testScripts.TC2@5833f5cd]" started-at="2024-11-23T23:58:37Z" name="history" finished-at="2024-11-23T23:59:07Z" duration-ms="30276" status="PASS">
        </test-method>
        <test-method is-config="true" signature="bowserclose()[pri:0, instance:org.testing.testScripts.TC2@5833f5cd]" started-at="2024-11-23T23:59:07Z" name="bowserclose" finished-at="2024-11-23T23:59:10Z" duration-ms="3207" status="PASS">
        </test-method>
      </class>
      <class name="org.testing.testScripts.TC5">
        <test-method is-config="true" signature="browserlaunch()[pri:0, instance:org.testing.testScripts.TC5@3e48d38]" started-at="2024-11-24T00:00:19Z" name="browserlaunch" finished-at="2024-11-24T00:00:24Z" duration-ms="4673" status="PASS">
        </test-method>
        <test-method signature="subscribe()[pri:0, instance:org.testing.testScripts.TC5@3e48d38]" started-at="2024-11-24T00:00:24Z" name="subscribe" finished-at="2024-11-24T00:00:46Z" duration-ms="22139" status="FAIL">
          <exception class="org.openqa.selenium.ElementNotInteractableException">
            <message>
              <![CDATA[element not interactable
  (Session info: chrome=131.0.6778.86)
Build info: version: '4.11.0', revision: '040bc5406b'
System info: os.name: 'Windows 11', os.arch: 'amd64', os.version: '10.0', java.version: '17.0.7'
Driver info: org.openqa.selenium.chrome.ChromeDriver
Command: [6570ca5bda2ed83ab7b64068dd7bf941, clickElement {id=f.3CCBFB84F92A43DA895DEA8EA639504C.d.675ED84F4CF565BD92911759EE98B5EA.e.6}]
Capabilities {acceptInsecureCerts: false, browserName: chrome, browserVersion: 131.0.6778.86, chrome: {chromedriverVersion: 131.0.6778.85 (3d81e41b6f3a..., userDataDir: C:\Users\mail2\AppData\Loca...}, fedcm:accounts: true, goog:chromeOptions: {debuggerAddress: localhost:52554}, networkConnectionEnabled: false, pageLoadStrategy: normal, platformName: windows, proxy: Proxy(), se:cdp: ws://localhost:52554/devtoo..., se:cdpVersion: 131.0.6778.86, setWindowRect: true, strictFileInteractability: false, timeouts: {implicit: 0, pageLoad: 300000, script: 30000}, unhandledPromptBehavior: dismiss and notify, webauthn:extension:credBlob: true, webauthn:extension:largeBlob: true, webauthn:extension:minPinLength: true, webauthn:extension:prf: true, webauthn:virtualAuthenticators: true}
Element: [[ChromeDriver: chrome on windows (6570ca5bda2ed83ab7b64068dd7bf941)] -> xpath: //input[@id = 'search']]
Session ID: 6570ca5bda2ed83ab7b64068dd7bf941]]>
            </message>
            <full-stacktrace>
              <![CDATA[org.openqa.selenium.ElementNotInteractableException: element not interactable
  (Session info: chrome=131.0.6778.86)
Build info: version: '4.11.0', revision: '040bc5406b'
System info: os.name: 'Windows 11', os.arch: 'amd64', os.version: '10.0', java.version: '17.0.7'
Driver info: org.openqa.selenium.chrome.ChromeDriver
Command: [6570ca5bda2ed83ab7b64068dd7bf941, clickElement {id=f.3CCBFB84F92A43DA895DEA8EA639504C.d.675ED84F4CF565BD92911759EE98B5EA.e.6}]
Capabilities {acceptInsecureCerts: false, browserName: chrome, browserVersion: 131.0.6778.86, chrome: {chromedriverVersion: 131.0.6778.85 (3d81e41b6f3a..., userDataDir: C:\Users\mail2\AppData\Loca...}, fedcm:accounts: true, goog:chromeOptions: {debuggerAddress: localhost:52554}, networkConnectionEnabled: false, pageLoadStrategy: normal, platformName: windows, proxy: Proxy(), se:cdp: ws://localhost:52554/devtoo..., se:cdpVersion: 131.0.6778.86, setWindowRect: true, strictFileInteractability: false, timeouts: {implicit: 0, pageLoad: 300000, script: 30000}, unhandledPromptBehavior: dismiss and notify, webauthn:extension:credBlob: true, webauthn:extension:largeBlob: true, webauthn:extension:minPinLength: true, webauthn:extension:prf: true, webauthn:virtualAuthenticators: true}
Element: [[ChromeDriver: chrome on windows (6570ca5bda2ed83ab7b64068dd7bf941)] -> xpath: //input[@id = 'search']]
Session ID: 6570ca5bda2ed83ab7b64068dd7bf941
	at java.base/jdk.internal.reflect.NativeConstructorAccessorImpl.newInstance0(Native Method)
	at java.base/jdk.internal.reflect.NativeConstructorAccessorImpl.newInstance(NativeConstructorAccessorImpl.java:77)
	at java.base/jdk.internal.reflect.DelegatingConstructorAccessorImpl.newInstance(DelegatingConstructorAccessorImpl.java:45)
	at java.base/java.lang.reflect.Constructor.newInstanceWithCaller(Constructor.java:499)
	at java.base/java.lang.reflect.Constructor.newInstance(Constructor.java:480)
	at org.openqa.selenium.remote.codec.w3c.W3CHttpResponseCodec.createException(W3CHttpResponseCodec.java:200)
	at org.openqa.selenium.remote.codec.w3c.W3CHttpResponseCodec.decode(W3CHttpResponseCodec.java:133)
	at org.openqa.selenium.remote.codec.w3c.W3CHttpResponseCodec.decode(W3CHttpResponseCodec.java:52)
	at org.openqa.selenium.remote.HttpCommandExecutor.execute(HttpCommandExecutor.java:191)
	at org.openqa.selenium.remote.service.DriverCommandExecutor.invokeExecute(DriverCommandExecutor.java:196)
	at org.openqa.selenium.remote.service.DriverCommandExecutor.execute(DriverCommandExecutor.java:171)
	at org.openqa.selenium.remote.RemoteWebDriver.execute(RemoteWebDriver.java:518)
	at org.openqa.selenium.remote.RemoteWebElement.execute(RemoteWebElement.java:224)
	at org.openqa.selenium.remote.RemoteWebElement.click(RemoteWebElement.java:77)
	at org.testing.pages.VideoPlay.play(VideoPlay.java:25)
	at org.testing.testScripts.TC5.subscribe(TC5.java:25)
	at java.base/jdk.internal.reflect.NativeMethodAccessorImpl.invoke0(Native Method)
	at java.base/jdk.internal.reflect.NativeMethodAccessorImpl.invoke(NativeMethodAccessorImpl.java:77)
	at java.base/jdk.internal.reflect.DelegatingMethodAccessorImpl.invoke(DelegatingMethodAccessorImpl.java:43)
	at java.base/java.lang.reflect.Method.invoke(Method.java:568)
	at org.testng.internal.MethodInvocationHelper.invokeMethod(MethodInvocationHelper.java:80)
	at org.testng.internal.Invoker.invokeMethod(Invoker.java:691)
	at org.testng.internal.Invoker.invokeTestMethod(Invoker.java:883)
	at org.testng.internal.Invoker.invokeTestMethods(Invoker.java:1208)
	at org.testng.internal.TestMethodWorker.invokeTestMethods(TestMethodWorker.java:127)
	at org.testng.internal.TestMethodWorker.run(TestMethodWorker.java:111)
	at org.testng.TestRunner.privateRun(TestRunner.java:758)
	at org.testng.TestRunner.run(TestRunner.java:613)
	at org.testng.SuiteRunner.runTest(SuiteRunner.java:334)
	at org.testng.SuiteRunner.runSequentially(SuiteRunner.java:329)
	at org.testng.SuiteRunner.privateRun(SuiteRunner.java:291)
	at org.testng.SuiteRunner.run(SuiteRunner.java:240)
	at org.testng.SuiteRunnerWorker.runSuite(SuiteRunnerWorker.java:53)
	at org.testng.SuiteRunnerWorker.run(SuiteRunnerWorker.java:87)
	at org.testng.TestNG.runSuitesSequentially(TestNG.java:1137)
	at org.testng.TestNG.runSuitesLocally(TestNG.java:1062)
	at org.testng.TestNG.run(TestNG.java:974)
	at org.apache.maven.surefire.testng.TestNGExecutor.run(TestNGExecutor.java:295)
	at org.apache.maven.surefire.testng.TestNGXmlTestSuite.execute(TestNGXmlTestSuite.java:84)
	at org.apache.maven.surefire.testng.TestNGProvider.invoke(TestNGProvider.java:90)
	at org.apache.maven.surefire.booter.ForkedBooter.invokeProviderInSameClassLoader(ForkedBooter.java:203)
	at org.apache.maven.surefire.booter.ForkedBooter.runSuitesInProcess(ForkedBooter.java:155)
	at org.apache.maven.surefire.booter.ForkedBooter.main(ForkedBooter.java:103)
]]>
            </full-stacktrace>
          </exception>
        </test-method>
        <test-method is-config="true" signature="bowserclose()[pri:0, instance:org.testing.testScripts.TC5@3e48d38]" started-at="2024-11-24T00:00:46Z" name="bowserclose" finished-at="2024-11-24T00:00:49Z" duration-ms="3191" status="PASS">
        </test-method>
      </class>
      <class name="org.testing.testScripts.TC6">
        <test-method is-config="true" signature="browserlaunch()[pri:0, instance:org.testing.testScripts.TC6@7c2b58c0]" started-at="2024-11-24T00:00:49Z" name="browserlaunch" finished-at="2024-11-24T00:00:54Z" duration-ms="4723" status="PASS">
        </test-method>
        <test-method signature="comment()[pri:0, instance:org.testing.testScripts.TC6@7c2b58c0]" started-at="2024-11-24T00:00:54Z" name="comment" finished-at="2024-11-24T00:01:15Z" duration-ms="21778" status="FAIL">
          <exception class="org.openqa.selenium.ElementNotInteractableException">
            <message>
              <![CDATA[element not interactable
  (Session info: chrome=131.0.6778.86)
Build info: version: '4.11.0', revision: '040bc5406b'
System info: os.name: 'Windows 11', os.arch: 'amd64', os.version: '10.0', java.version: '17.0.7'
Driver info: org.openqa.selenium.chrome.ChromeDriver
Command: [3fd785db7b18c68f99b40d78a82b5b75, clickElement {id=f.12E1357987971A6C2D5E24A7ED183CD4.d.F1E96C9C3963EB938D01565D8605C356.e.6}]
Capabilities {acceptInsecureCerts: false, browserName: chrome, browserVersion: 131.0.6778.86, chrome: {chromedriverVersion: 131.0.6778.85 (3d81e41b6f3a..., userDataDir: C:\Users\mail2\AppData\Loca...}, fedcm:accounts: true, goog:chromeOptions: {debuggerAddress: localhost:52565}, networkConnectionEnabled: false, pageLoadStrategy: normal, platformName: windows, proxy: Proxy(), se:cdp: ws://localhost:52565/devtoo..., se:cdpVersion: 131.0.6778.86, setWindowRect: true, strictFileInteractability: false, timeouts: {implicit: 0, pageLoad: 300000, script: 30000}, unhandledPromptBehavior: dismiss and notify, webauthn:extension:credBlob: true, webauthn:extension:largeBlob: true, webauthn:extension:minPinLength: true, webauthn:extension:prf: true, webauthn:virtualAuthenticators: true}
Element: [[ChromeDriver: chrome on windows (3fd785db7b18c68f99b40d78a82b5b75)] -> xpath: //input[@id = 'search']]
Session ID: 3fd785db7b18c68f99b40d78a82b5b75]]>
            </message>
            <full-stacktrace>
              <![CDATA[org.openqa.selenium.ElementNotInteractableException: element not interactable
  (Session info: chrome=131.0.6778.86)
Build info: version: '4.11.0', revision: '040bc5406b'
System info: os.name: 'Windows 11', os.arch: 'amd64', os.version: '10.0', java.version: '17.0.7'
Driver info: org.openqa.selenium.chrome.ChromeDriver
Command: [3fd785db7b18c68f99b40d78a82b5b75, clickElement {id=f.12E1357987971A6C2D5E24A7ED183CD4.d.F1E96C9C3963EB938D01565D8605C356.e.6}]
Capabilities {acceptInsecureCerts: false, browserName: chrome, browserVersion: 131.0.6778.86, chrome: {chromedriverVersion: 131.0.6778.85 (3d81e41b6f3a..., userDataDir: C:\Users\mail2\AppData\Loca...}, fedcm:accounts: true, goog:chromeOptions: {debuggerAddress: localhost:52565}, networkConnectionEnabled: false, pageLoadStrategy: normal, platformName: windows, proxy: Proxy(), se:cdp: ws://localhost:52565/devtoo..., se:cdpVersion: 131.0.6778.86, setWindowRect: true, strictFileInteractability: false, timeouts: {implicit: 0, pageLoad: 300000, script: 30000}, unhandledPromptBehavior: dismiss and notify, webauthn:extension:credBlob: true, webauthn:extension:largeBlob: true, webauthn:extension:minPinLength: true, webauthn:extension:prf: true, webauthn:virtualAuthenticators: true}
Element: [[ChromeDriver: chrome on windows (3fd785db7b18c68f99b40d78a82b5b75)] -> xpath: //input[@id = 'search']]
Session ID: 3fd785db7b18c68f99b40d78a82b5b75
	at java.base/jdk.internal.reflect.NativeConstructorAccessorImpl.newInstance0(Native Method)
	at java.base/jdk.internal.reflect.NativeConstructorAccessorImpl.newInstance(NativeConstructorAccessorImpl.java:77)
	at java.base/jdk.internal.reflect.DelegatingConstructorAccessorImpl.newInstance(DelegatingConstructorAccessorImpl.java:45)
	at java.base/java.lang.reflect.Constructor.newInstanceWithCaller(Constructor.java:499)
	at java.base/java.lang.reflect.Constructor.newInstance(Constructor.java:480)
	at org.openqa.selenium.remote.codec.w3c.W3CHttpResponseCodec.createException(W3CHttpResponseCodec.java:200)
	at org.openqa.selenium.remote.codec.w3c.W3CHttpResponseCodec.decode(W3CHttpResponseCodec.java:133)
	at org.openqa.selenium.remote.codec.w3c.W3CHttpResponseCodec.decode(W3CHttpResponseCodec.java:52)
	at org.openqa.selenium.remote.HttpCommandExecutor.execute(HttpCommandExecutor.java:191)
	at org.openqa.selenium.remote.service.DriverCommandExecutor.invokeExecute(DriverCommandExecutor.java:196)
	at org.openqa.selenium.remote.service.DriverCommandExecutor.execute(DriverCommandExecutor.java:171)
	at org.openqa.selenium.remote.RemoteWebDriver.execute(RemoteWebDriver.java:518)
	at org.openqa.selenium.remote.RemoteWebElement.execute(RemoteWebElement.java:224)
	at org.openqa.selenium.remote.RemoteWebElement.click(RemoteWebElement.java:77)
	at org.testing.pages.VideoPlay.play(VideoPlay.java:25)
	at org.testing.testScripts.TC6.comment(TC6.java:24)
	at java.base/jdk.internal.reflect.NativeMethodAccessorImpl.invoke0(Native Method)
	at java.base/jdk.internal.reflect.NativeMethodAccessorImpl.invoke(NativeMethodAccessorImpl.java:77)
	at java.base/jdk.internal.reflect.DelegatingMethodAccessorImpl.invoke(DelegatingMethodAccessorImpl.java:43)
	at java.base/java.lang.reflect.Method.invoke(Method.java:568)
	at org.testng.internal.MethodInvocationHelper.invokeMethod(MethodInvocationHelper.java:80)
	at org.testng.internal.Invoker.invokeMethod(Invoker.java:691)
	at org.testng.internal.Invoker.invokeTestMethod(Invoker.java:883)
	at org.testng.internal.Invoker.invokeTestMethods(Invoker.java:1208)
	at org.testng.internal.TestMethodWorker.invokeTestMethods(TestMethodWorker.java:127)
	at org.testng.internal.TestMethodWorker.run(TestMethodWorker.java:111)
	at org.testng.TestRunner.privateRun(TestRunner.java:758)
	at org.testng.TestRunner.run(TestRunner.java:613)
	at org.testng.SuiteRunner.runTest(SuiteRunner.java:334)
	at org.testng.SuiteRunner.runSequentially(SuiteRunner.java:329)
	at org.testng.SuiteRunner.privateRun(SuiteRunner.java:291)
	at org.testng.SuiteRunner.run(SuiteRunner.java:240)
	at org.testng.SuiteRunnerWorker.runSuite(SuiteRunnerWorker.java:53)
	at org.testng.SuiteRunnerWorker.run(SuiteRunnerWorker.java:87)
	at org.testng.TestNG.runSuitesSequentially(TestNG.java:1137)
	at org.testng.TestNG.runSuitesLocally(TestNG.java:1062)
	at org.testng.TestNG.run(TestNG.java:974)
	at org.apache.maven.surefire.testng.TestNGExecutor.run(TestNGExecutor.java:295)
	at org.apache.maven.surefire.testng.TestNGXmlTestSuite.execute(TestNGXmlTestSuite.java:84)
	at org.apache.maven.surefire.testng.TestNGProvider.invoke(TestNGProvider.java:90)
	at org.apache.maven.surefire.booter.ForkedBooter.invokeProviderInSameClassLoader(ForkedBooter.java:203)
	at org.apache.maven.surefire.booter.ForkedBooter.runSuitesInProcess(ForkedBooter.java:155)
	at org.apache.maven.surefire.booter.ForkedBooter.main(ForkedBooter.java:103)
]]>
            </full-stacktrace>
          </exception>
        </test-method>
        <test-method is-config="true" signature="bowserclose()[pri:0, instance:org.testing.testScripts.TC6@7c2b58c0]" started-at="2024-11-24T00:01:15Z" name="bowserclose" finished-at="2024-11-24T00:01:19Z" duration-ms="3186" status="PASS">
        </test-method>
      </class>
      <class name="org.testing.testScripts.TC3">
        <test-method is-config="true" signature="browserlaunch()[pri:0, instance:org.testing.testScripts.TC3@11b377c5]" started-at="2024-11-23T23:59:10Z" name="browserlaunch" finished-at="2024-11-23T23:59:15Z" duration-ms="5091" status="PASS">
        </test-method>
        <test-method signature="subscription()[pri:0, instance:org.testing.testScripts.TC3@11b377c5]" started-at="2024-11-23T23:59:15Z" name="subscription" finished-at="2024-11-23T23:59:46Z" duration-ms="31021" status="PASS">
        </test-method>
        <test-method is-config="true" signature="bowserclose()[pri:0, instance:org.testing.testScripts.TC3@11b377c5]" started-at="2024-11-23T23:59:46Z" name="bowserclose" finished-at="2024-11-23T23:59:49Z" duration-ms="3146" status="PASS">
        </test-method>
      </class>
      <class name="org.testing.testScripts.TC4">
        <test-method is-config="true" signature="browserlaunch()[pri:0, instance:org.testing.testScripts.TC4@5c60b0a0]" started-at="2024-11-23T23:59:49Z" name="browserlaunch" finished-at="2024-11-23T23:59:54Z" duration-ms="4362" status="PASS">
        </test-method>
        <test-method signature="like()[pri:0, instance:org.testing.testScripts.TC4@5c60b0a0]" started-at="2024-11-23T23:59:54Z" name="like" finished-at="2024-11-24T00:00:16Z" duration-ms="21936" status="FAIL">
          <exception class="org.openqa.selenium.ElementNotInteractableException">
            <message>
              <![CDATA[element not interactable
  (Session info: chrome=131.0.6778.86)
Build info: version: '4.11.0', revision: '040bc5406b'
System info: os.name: 'Windows 11', os.arch: 'amd64', os.version: '10.0', java.version: '17.0.7'
Driver info: org.openqa.selenium.chrome.ChromeDriver
Command: [e213d027f3723a0c0675ea6c9a1f22b9, clickElement {id=f.913E06B7EFB9F0A9ED2D784E15BD8C54.d.25161EEACF41AA64A4719B3406CF64C0.e.6}]
Capabilities {acceptInsecureCerts: false, browserName: chrome, browserVersion: 131.0.6778.86, chrome: {chromedriverVersion: 131.0.6778.85 (3d81e41b6f3a..., userDataDir: C:\Users\mail2\AppData\Loca...}, fedcm:accounts: true, goog:chromeOptions: {debuggerAddress: localhost:52598}, networkConnectionEnabled: false, pageLoadStrategy: normal, platformName: windows, proxy: Proxy(), se:cdp: ws://localhost:52598/devtoo..., se:cdpVersion: 131.0.6778.86, setWindowRect: true, strictFileInteractability: false, timeouts: {implicit: 0, pageLoad: 300000, script: 30000}, unhandledPromptBehavior: dismiss and notify, webauthn:extension:credBlob: true, webauthn:extension:largeBlob: true, webauthn:extension:minPinLength: true, webauthn:extension:prf: true, webauthn:virtualAuthenticators: true}
Element: [[ChromeDriver: chrome on windows (e213d027f3723a0c0675ea6c9a1f22b9)] -> xpath: //input[@id = 'search']]
Session ID: e213d027f3723a0c0675ea6c9a1f22b9]]>
            </message>
            <full-stacktrace>
              <![CDATA[org.openqa.selenium.ElementNotInteractableException: element not interactable
  (Session info: chrome=131.0.6778.86)
Build info: version: '4.11.0', revision: '040bc5406b'
System info: os.name: 'Windows 11', os.arch: 'amd64', os.version: '10.0', java.version: '17.0.7'
Driver info: org.openqa.selenium.chrome.ChromeDriver
Command: [e213d027f3723a0c0675ea6c9a1f22b9, clickElement {id=f.913E06B7EFB9F0A9ED2D784E15BD8C54.d.25161EEACF41AA64A4719B3406CF64C0.e.6}]
Capabilities {acceptInsecureCerts: false, browserName: chrome, browserVersion: 131.0.6778.86, chrome: {chromedriverVersion: 131.0.6778.85 (3d81e41b6f3a..., userDataDir: C:\Users\mail2\AppData\Loca...}, fedcm:accounts: true, goog:chromeOptions: {debuggerAddress: localhost:52598}, networkConnectionEnabled: false, pageLoadStrategy: normal, platformName: windows, proxy: Proxy(), se:cdp: ws://localhost:52598/devtoo..., se:cdpVersion: 131.0.6778.86, setWindowRect: true, strictFileInteractability: false, timeouts: {implicit: 0, pageLoad: 300000, script: 30000}, unhandledPromptBehavior: dismiss and notify, webauthn:extension:credBlob: true, webauthn:extension:largeBlob: true, webauthn:extension:minPinLength: true, webauthn:extension:prf: true, webauthn:virtualAuthenticators: true}
Element: [[ChromeDriver: chrome on windows (e213d027f3723a0c0675ea6c9a1f22b9)] -> xpath: //input[@id = 'search']]
Session ID: e213d027f3723a0c0675ea6c9a1f22b9
	at java.base/jdk.internal.reflect.NativeConstructorAccessorImpl.newInstance0(Native Method)
	at java.base/jdk.internal.reflect.NativeConstructorAccessorImpl.newInstance(NativeConstructorAccessorImpl.java:77)
	at java.base/jdk.internal.reflect.DelegatingConstructorAccessorImpl.newInstance(DelegatingConstructorAccessorImpl.java:45)
	at java.base/java.lang.reflect.Constructor.newInstanceWithCaller(Constructor.java:499)
	at java.base/java.lang.reflect.Constructor.newInstance(Constructor.java:480)
	at org.openqa.selenium.remote.codec.w3c.W3CHttpResponseCodec.createException(W3CHttpResponseCodec.java:200)
	at org.openqa.selenium.remote.codec.w3c.W3CHttpResponseCodec.decode(W3CHttpResponseCodec.java:133)
	at org.openqa.selenium.remote.codec.w3c.W3CHttpResponseCodec.decode(W3CHttpResponseCodec.java:52)
	at org.openqa.selenium.remote.HttpCommandExecutor.execute(HttpCommandExecutor.java:191)
	at org.openqa.selenium.remote.service.DriverCommandExecutor.invokeExecute(DriverCommandExecutor.java:196)
	at org.openqa.selenium.remote.service.DriverCommandExecutor.execute(DriverCommandExecutor.java:171)
	at org.openqa.selenium.remote.RemoteWebDriver.execute(RemoteWebDriver.java:518)
	at org.openqa.selenium.remote.RemoteWebElement.execute(RemoteWebElement.java:224)
	at org.openqa.selenium.remote.RemoteWebElement.click(RemoteWebElement.java:77)
	at org.testing.pages.VideoPlay.play(VideoPlay.java:25)
	at org.testing.testScripts.TC4.like(TC4.java:24)
	at java.base/jdk.internal.reflect.NativeMethodAccessorImpl.invoke0(Native Method)
	at java.base/jdk.internal.reflect.NativeMethodAccessorImpl.invoke(NativeMethodAccessorImpl.java:77)
	at java.base/jdk.internal.reflect.DelegatingMethodAccessorImpl.invoke(DelegatingMethodAccessorImpl.java:43)
	at java.base/java.lang.reflect.Method.invoke(Method.java:568)
	at org.testng.internal.MethodInvocationHelper.invokeMethod(MethodInvocationHelper.java:80)
	at org.testng.internal.Invoker.invokeMethod(Invoker.java:691)
	at org.testng.internal.Invoker.invokeTestMethod(Invoker.java:883)
	at org.testng.internal.Invoker.invokeTestMethods(Invoker.java:1208)
	at org.testng.internal.TestMethodWorker.invokeTestMethods(TestMethodWorker.java:127)
	at org.testng.internal.TestMethodWorker.run(TestMethodWorker.java:111)
	at org.testng.TestRunner.privateRun(TestRunner.java:758)
	at org.testng.TestRunner.run(TestRunner.java:613)
	at org.testng.SuiteRunner.runTest(SuiteRunner.java:334)
	at org.testng.SuiteRunner.runSequentially(SuiteRunner.java:329)
	at org.testng.SuiteRunner.privateRun(SuiteRunner.java:291)
	at org.testng.SuiteRunner.run(SuiteRunner.java:240)
	at org.testng.SuiteRunnerWorker.runSuite(SuiteRunnerWorker.java:53)
	at org.testng.SuiteRunnerWorker.run(SuiteRunnerWorker.java:87)
	at org.testng.TestNG.runSuitesSequentially(TestNG.java:1137)
	at org.testng.TestNG.runSuitesLocally(TestNG.java:1062)
	at org.testng.TestNG.run(TestNG.java:974)
	at org.apache.maven.surefire.testng.TestNGExecutor.run(TestNGExecutor.java:295)
	at org.apache.maven.surefire.testng.TestNGXmlTestSuite.execute(TestNGXmlTestSuite.java:84)
	at org.apache.maven.surefire.testng.TestNGProvider.invoke(TestNGProvider.java:90)
	at org.apache.maven.surefire.booter.ForkedBooter.invokeProviderInSameClassLoader(ForkedBooter.java:203)
	at org.apache.maven.surefire.booter.ForkedBooter.runSuitesInProcess(ForkedBooter.java:155)
	at org.apache.maven.surefire.booter.ForkedBooter.main(ForkedBooter.java:103)
]]>
            </full-stacktrace>
          </exception>
        </test-method>
        <test-method is-config="true" signature="bowserclose()[pri:0, instance:org.testing.testScripts.TC4@5c60b0a0]" started-at="2024-11-24T00:00:16Z" name="bowserclose" finished-at="2024-11-24T00:00:19Z" duration-ms="3191" status="PASS">
        </test-method>
      </class>
    </test>
  </suite>
</testng-results>
